Using pre-set license
Built from '2020.3/staging' branch; Version is '2020.3.23f1 (c5d91304a876) revision 12966163'; Using compiler version '192528614'; Build Type 'Release'
OS: 'Windows 10 Education; OS build 19044.1889; Version 2009; 64bit' Language: 'en' Physical Memory: 16300 MB
BatchMode: 1, IsHumanControllingUs: 0, StartBugReporterOnCrash: 0, Is64bit: 1, IsPro: 0

COMMAND LINE ARGUMENTS:
C:\Program Files\Unity\Hub\Editor\2020.3.23f1\Editor\Unity.exe
-adb2
-batchMode
-noUpm
-name
AssetImportWorker0
-projectPath
C:/Users/cjimenez2021/Documents/New Unity Project
-logFile
Logs/AssetImportWorker0.log
-srvPort
56841
Successfully changed project path to: C:/Users/cjimenez2021/Documents/New Unity Project
C:/Users/cjimenez2021/Documents/New Unity Project
Using Asset Import Pipeline V2.
Refreshing native plugins compatible for Editor in 156.46 ms, found 11 plugins.
Preloading 2 native plugins for Editor in 15.55 ms.
Initialize engine version: 2020.3.23f1 (c5d91304a876)
[Subsystems] Discovering subsystems at path C:/Program Files/Unity/Hub/Editor/2020.3.23f1/Editor/Data/Resources/UnitySubsystems
[Subsystems] Discovering subsystems at path C:/Users/cjimenez2021/Documents/New Unity Project/Assets
GfxDevice: creating device client; threaded=0
Direct3D:
    Version:  Direct3D 11.0 [level 11.1]
    Renderer: NVIDIA GeForce GTX 1070 (ID=0x1b81)
    Vendor:   
    VRAM:     8088 MB
    Driver:   27.21.14.5671
Initialize mono
Mono path[0] = 'C:/Program Files/Unity/Hub/Editor/2020.3.23f1/Editor/Data/Managed'
Mono path[1] = 'C:/Program Files/Unity/Hub/Editor/2020.3.23f1/Editor/Data/MonoBleedingEdge/lib/mono/unityjit'
Mono config path = 'C:/Program Files/Unity/Hub/Editor/2020.3.23f1/Editor/Data/MonoBleedingEdge/etc'
Using monoOptions --debugger-agent=transport=dt_socket,embedding=1,server=y,suspend=n,address=127.0.0.1:56156
Begin MonoManager ReloadAssembly
Registering precompiled unity dll's ...
Register platform support module: C:/Program Files/Unity/Hub/Editor/2020.3.23f1/Editor/Data/PlaybackEngines/WindowsStandaloneSupport/UnityEditor.WindowsStandalone.Extensions.dll
Registered in 0.003721 seconds.
Native extension for WindowsStandalone target not found
Refreshing native plugins compatible for Editor in 55.62 ms, found 11 plugins.
Preloading 2 native plugins for Editor in 0.28 ms.
Mono: successfully reloaded assembly
- Completed reload, in  1.018 seconds
Domain Reload Profiling:
	ReloadAssembly (1019ms)
		BeginReloadAssembly (362ms)
			ExecutionOrderSort (0ms)
			DisableScriptedObjects (0ms)
			BackupInstance (0ms)
			ReleaseScriptingObjects (0ms)
			CreateAndSetChildDomain (1ms)
		EndReloadAssembly (568ms)
			LoadAssemblies (359ms)
			RebuildTransferFunctionScriptingTraits (0ms)
			SetupTypeCache (183ms)
			ReleaseScriptCaches (0ms)
			RebuildScriptCaches (33ms)
			SetupLoadedEditorAssemblies (200ms)
				LogAssemblyErrors (0ms)
				InitializePlatformSupportModulesInManaged (5ms)
				SetLoadedEditorAssemblies (0ms)
				RefreshPlugins (56ms)
				BeforeProcessingInitializeOnLoad (9ms)
				ProcessInitializeOnLoadAttributes (96ms)
				ProcessInitializeOnLoadMethodAttributes (33ms)
				AfterProcessingInitializeOnLoad (0ms)
				EditorAssembliesLoaded (0ms)
			ExecutionOrderSort2 (0ms)
			AwakeInstancesAfterBackupRestoration (0ms)
Platform modules already initialized, skipping
Registering precompiled user dll's ...
Registered in 0.016840 seconds.
Begin MonoManager ReloadAssembly
Native extension for WindowsStandalone target not found
Refreshing native plugins compatible for Editor in 0.69 ms, found 11 plugins.
Preloading 2 native plugins for Editor in 0.18 ms.
[XR] OculusXRPlugin: registering subsystems
[XR] Unable to register display lifecyle provider: [1]
[XR] Oculus Input lifecycle provider registered.
[XR] Unable to register input lifecyle provider: [1]
System.Reflection.TargetInvocationException: Exception has been thrown by the target of an invocation. ---> System.NullReferenceException: Object reference not set to an instance of an object
  at Unity.XR.Oculus.OculusLoader.AssetPathToAbsolutePath (System.String assetPath) [0x00048] in C:\Users\cjimenez2021\Documents\New Unity Project\Library\PackageCache\com.unity.xr.oculus@1.11.0\Runtime\OculusLoader.cs:250 
  at Unity.XR.Oculus.OculusLoader.EditorLoadOVRPlugin () [0x0007b] in C:\Users\cjimenez2021\Documents\New Unity Project\Library\PackageCache\com.unity.xr.oculus@1.11.0\Runtime\OculusLoader.cs:235 
  at (wrapper managed-to-native) System.Reflection.MonoMethod.InternalInvoke(System.Reflection.MonoMethod,object,object[],System.Exception&)
  at System.Reflection.MonoMethod.Invoke (System.Object obj, System.Reflection.BindingFlags invokeAttr, System.Reflection.Binder binder, System.Object[] parameters, System.Globalization.CultureInfo culture) [0x00032] in <695d1cc93cca45069c528c15c9fdd749>:0 
   --- End of inner exception stack trace ---
  at System.Reflection.MonoMethod.Invoke (System.Object obj, System.Reflection.BindingFlags invokeAttr, System.Reflection.Binder binder, System.Object[] parameters, System.Globalization.CultureInfo culture) [0x00048] in <695d1cc93cca45069c528c15c9fdd749>:0 
  at System.Reflection.MethodBase.Invoke (System.Object obj, System.Object[] parameters) [0x00000] in <695d1cc93cca45069c528c15c9fdd749>:0 
  at UnityEditor.EditorAssemblies.ProcessInitializeOnLoadMethodAttributes () [0x00047] in <ad50112e30b445fdbf80d5814c3cbcf6>:0 
UnityEngine.StackTraceUtility:ExtractStackTrace ()
UnityEngine.DebugLogHandler:LogFormat (UnityEngine.LogType,UnityEngine.Object,string,object[])
UnityEngine.Logger:Log (UnityEngine.LogType,object)
UnityEngine.Debug:LogError (object)
UnityEditor.EditorAssemblies:ProcessInitializeOnLoadMethodAttributes ()

Mono: successfully reloaded assembly
- Completed reload, in  2.029 seconds
Domain Reload Profiling:
	ReloadAssembly (2030ms)
		BeginReloadAssembly (175ms)
			ExecutionOrderSort (0ms)
			DisableScriptedObjects (5ms)
			BackupInstance (0ms)
			ReleaseScriptingObjects (0ms)
			CreateAndSetChildDomain (26ms)
		EndReloadAssembly (1780ms)
			LoadAssemblies (812ms)
			RebuildTransferFunctionScriptingTraits (0ms)
			SetupTypeCache (355ms)
			ReleaseScriptCaches (0ms)
			RebuildScriptCaches (51ms)
			SetupLoadedEditorAssemblies (446ms)
				LogAssemblyErrors (0ms)
				InitializePlatformSupportModulesInManaged (5ms)
				SetLoadedEditorAssemblies (1ms)
				RefreshPlugins (1ms)
				BeforeProcessingInitializeOnLoad (84ms)
				ProcessInitializeOnLoadAttributes (269ms)
				ProcessInitializeOnLoadMethodAttributes (76ms)
				AfterProcessingInitializeOnLoad (10ms)
				EditorAssembliesLoaded (0ms)
			ExecutionOrderSort2 (0ms)
			AwakeInstancesAfterBackupRestoration (7ms)
Platform modules already initialized, skipping
========================================================================
Worker process is ready to serve import requests
Launched and connected shader compiler UnityShaderCompiler.exe after 0.10 seconds
Refreshing native plugins compatible for Editor in 0.65 ms, found 11 plugins.
Preloading 2 native plugins for Editor in 132.03 ms.
Unloading 1965 Unused Serialized files (Serialized files now loaded: 0)
System memory in use before: 82.4 MB.
System memory in use after: 82.5 MB.

Unloading 23 unused Assets to reduce memory usage. Loaded Objects now: 2395.
Total: 4.216300 ms (FindLiveObjects: 0.439700 ms CreateObjectMapping: 0.125400 ms MarkObjects: 3.527100 ms  DeleteObjects: 0.123000 ms)

AssetImportParameters requested are different than current active one (requested -> active):
  custom:framework-win-MediaFoundation: 216162199b28c13a410421893ffa2e32 -> 
  custom:video-decoder-ogg-theora: a1e56fd34408186e4bbccfd4996cb3dc -> 
  custom:container-muxer-webm: aa71ff27fc2769a1b78a27578f13a17b -> 
  custom:container-demuxer-webm: 4f35f7cbe854078d1ac9338744f61a02 -> 
  custom:container-demuxer-ogg: 62fdf1f143b41e24485cea50d1cbac27 -> 
  custom:video-encoder-webm-vp8: eb34c28f22e8b96e1ab97ce403110664 -> 
  custom:video-decoder-webm-vp8: 9c59270c3fd7afecdb556c50c9e8de78 -> 
  custom:audio-decoder-ogg-vorbis: bf7c407c2cedff20999df2af8eb42d56 -> 
  custom:audio-encoder-webm-vorbis: bf7c407c2cedff20999df2af8eb42d56 -> 
========================================================================
Received Import Request.
  path: Assets
  artifactKey: Guid(00000000000000001000000000000000) Importer(815301076,1909f56bfc062723c751e8b465ee728b)
Start importing Assets using Guid(00000000000000001000000000000000) Importer(815301076,1909f56bfc062723c751e8b465ee728b)  -> (artifact id: '42d402b061de3733987d63b9cc3b64de') in 0.034104 seconds 
  Import took 0.037399 seconds .

========================================================================
Received Import Request.
  Time since last request: 0.000311 seconds.
  path: Assets/alienGorund.fbx
  artifactKey: Guid(b137fbdd7dcb2f14d964728bab885906) Importer(815301076,1909f56bfc062723c751e8b465ee728b)
Start importing Assets/alienGorund.fbx using Guid(b137fbdd7dcb2f14d964728bab885906) Importer(815301076,1909f56bfc062723c751e8b465ee728b)  -> (artifact id: 'a96ab72be4e3740db9b15e70cd6e3dc4') in 0.267640 seconds 
  Import took 0.270815 seconds .

========================================================================
Received Import Request.
  Time since last request: 0.417411 seconds.
  path: Assets/Models
  artifactKey: Guid(e7b59c85f8db45346b34ba06bd6ef1d8) Importer(815301076,1909f56bfc062723c751e8b465ee728b)
Start importing Assets/Models using Guid(e7b59c85f8db45346b34ba06bd6ef1d8) Importer(815301076,1909f56bfc062723c751e8b465ee728b)  -> (artifact id: '5a00489db011d61b2ddf313cf0adb4f4') in 0.008689 seconds 
  Import took 0.012437 seconds .

========================================================================
Received Import Request.
  Time since last request: 62.511939 seconds.
  path: Assets/Textures
  artifactKey: Guid(74049657baa9ca74f97fd70a11ece261) Importer(815301076,1909f56bfc062723c751e8b465ee728b)
Start importing Assets/Textures using Guid(74049657baa9ca74f97fd70a11ece261) Importer(815301076,1909f56bfc062723c751e8b465ee728b)  -> (artifact id: '4d3ec1703f4182e2e45334aceb001bfe') in 0.007066 seconds 
  Import took 0.011021 seconds .

========================================================================
Received Import Request.
  Time since last request: 74.847050 seconds.
  path: Assets/Models/alienGorund.fbx
  artifactKey: Guid(b137fbdd7dcb2f14d964728bab885906) Importer(815301076,1909f56bfc062723c751e8b465ee728b)
Start importing Assets/Models/alienGorund.fbx using Guid(b137fbdd7dcb2f14d964728bab885906) Importer(815301076,1909f56bfc062723c751e8b465ee728b)  -> (artifact id: '8ee100d23561812b6fbebfbff1ad6581') in 0.021981 seconds 
  Import took 0.025583 seconds .

========================================================================
Received Import Request.
  Time since last request: 65.525814 seconds.
  path: Assets/Models/alienGorund.fbx
  artifactKey: Guid(b137fbdd7dcb2f14d964728bab885906) Importer(815301076,1909f56bfc062723c751e8b465ee728b)
Start importing Assets/Models/alienGorund.fbx using Guid(b137fbdd7dcb2f14d964728bab885906) Importer(815301076,1909f56bfc062723c751e8b465ee728b)  -> (artifact id: 'a21e5165dc84ac6aef48aba6db3c69eb') in 0.021150 seconds 
  Import took 0.026052 seconds .

========================================================================
Received Import Request.
  Time since last request: 0.000291 seconds.
  path: Assets/Models/Rock Alien 03.001.mat
  artifactKey: Guid(c5b7ad6d4360b3846b42a41e9c5e0c27) Importer(815301076,1909f56bfc062723c751e8b465ee728b)
Start importing Assets/Models/Rock Alien 03.001.mat using Guid(c5b7ad6d4360b3846b42a41e9c5e0c27) Importer(815301076,1909f56bfc062723c751e8b465ee728b)  -> (artifact id: 'e3f5b627b97b9a22454febb9d8456e14') in 0.094097 seconds 
  Import took 0.097718 seconds .

========================================================================
Received Import Request.
  Time since last request: 36.642002 seconds.
  path: Assets/Textures/Ground Alien 03_ambientOcclusion.jpg
  artifactKey: Guid(26d4d66b81ff4ae49a846ab727e29593) Importer(815301076,1909f56bfc062723c751e8b465ee728b)
Start importing Assets/Textures/Ground Alien 03_ambientOcclusion.jpg using Guid(26d4d66b81ff4ae49a846ab727e29593) Importer(815301076,1909f56bfc062723c751e8b465ee728b)  -> (artifact id: '30b9e37d58d28ad023ddf947c5142f1e') in 0.032110 seconds 
  Import took 0.038843 seconds .

========================================================================
Received Import Request.
  Time since last request: 0.000261 seconds.
  path: Assets/Textures/Ground Alien 03_height.jpg
  artifactKey: Guid(47070fdc60aff8b43bb8654427c374a0) Importer(815301076,1909f56bfc062723c751e8b465ee728b)
Start importing Assets/Textures/Ground Alien 03_height.jpg using Guid(47070fdc60aff8b43bb8654427c374a0) Importer(815301076,1909f56bfc062723c751e8b465ee728b)  -> (artifact id: 'fc82d5e8836c8c551b9d6b3ed7381268') in 0.014462 seconds 
  Import took 0.018311 seconds .

========================================================================
Received Import Request.
  Time since last request: 0.000235 seconds.
  path: Assets/Textures/Ground Alien 03_normal.png
  artifactKey: Guid(154eb78b6f93ce449af45d2a3e8ccde3) Importer(815301076,1909f56bfc062723c751e8b465ee728b)
Start importing Assets/Textures/Ground Alien 03_normal.png using Guid(154eb78b6f93ce449af45d2a3e8ccde3) Importer(815301076,1909f56bfc062723c751e8b465ee728b)  -> (artifact id: 'c0a8bd01ff48a39a7380929f5825e2e1') in 0.017159 seconds 
  Import took 0.020258 seconds .

========================================================================
Received Import Request.
  Time since last request: 0.000277 seconds.
  path: Assets/Textures/Ground Alien 03_roughness.jpg
  artifactKey: Guid(5adeb2827831715489955558f388f5c5) Importer(815301076,1909f56bfc062723c751e8b465ee728b)
Start importing Assets/Textures/Ground Alien 03_roughness.jpg using Guid(5adeb2827831715489955558f388f5c5) Importer(815301076,1909f56bfc062723c751e8b465ee728b)  -> (artifact id: '8fc78901c6b24d1af95ece570f8cbd04') in 0.014864 seconds 
  Import took 0.017849 seconds .

========================================================================
Received Import Request.
  Time since last request: 0.000261 seconds.
  path: Assets/Textures/Ground Alien 03_diffuse.jpg
  artifactKey: Guid(9df71234824210742af89d53b38d913a) Importer(815301076,1909f56bfc062723c751e8b465ee728b)
Start importing Assets/Textures/Ground Alien 03_diffuse.jpg using Guid(9df71234824210742af89d53b38d913a) Importer(815301076,1909f56bfc062723c751e8b465ee728b)  -> (artifact id: '1bbaf03a8ffb1df7fdd0954ce922ea7a') in 0.014934 seconds 
  Import took 0.017944 seconds .

========================================================================
Received Import Request.
  Time since last request: 89.989812 seconds.
  path: Assets/Models/Ground Alien 03_normal.png
  artifactKey: Guid(8c43084e47a0c714e8fc2465a32e0156) Importer(815301076,1909f56bfc062723c751e8b465ee728b)
Start importing Assets/Models/Ground Alien 03_normal.png using Guid(8c43084e47a0c714e8fc2465a32e0156) Importer(815301076,1909f56bfc062723c751e8b465ee728b)  -> (artifact id: 'ac73b705549a901afad807d748998000') in 0.015864 seconds 
  Import took 0.020260 seconds .

========================================================================
Received Import Request.
  Time since last request: 3.046831 seconds.
  path: Assets/Models/Ground Alien 03_roughness.jpg
  artifactKey: Guid(81a3c07b4bb53054a924ee6c8bd322e8) Importer(815301076,1909f56bfc062723c751e8b465ee728b)
Start importing Assets/Models/Ground Alien 03_roughness.jpg using Guid(81a3c07b4bb53054a924ee6c8bd322e8) Importer(815301076,1909f56bfc062723c751e8b465ee728b)  -> (artifact id: '0b61a71b07cfa838bfa25ef21d8202b5') in 0.012822 seconds 
  Import took 0.016350 seconds .

========================================================================
Received Import Request.
  Time since last request: 1.144448 seconds.
  path: Assets/Models/Ground Alien 03_height.jpg
  artifactKey: Guid(9f6bab9a3af58b9429fe33fc9a778599) Importer(815301076,1909f56bfc062723c751e8b465ee728b)
Start importing Assets/Models/Ground Alien 03_height.jpg using Guid(9f6bab9a3af58b9429fe33fc9a778599) Importer(815301076,1909f56bfc062723c751e8b465ee728b)  -> (artifact id: '33d7140abf0b8329d8c6816168208f78') in 0.013485 seconds 
  Import took 0.017627 seconds .

========================================================================
Received Import Request.
  Time since last request: 1.145010 seconds.
  path: Assets/Models/Ground Alien 03_diffuse.jpg
  artifactKey: Guid(e9a64da2ae1fad7468714631ea8d43c7) Importer(815301076,1909f56bfc062723c751e8b465ee728b)
Start importing Assets/Models/Ground Alien 03_diffuse.jpg using Guid(e9a64da2ae1fad7468714631ea8d43c7) Importer(815301076,1909f56bfc062723c751e8b465ee728b)  -> (artifact id: '2fb7f99b85349b930fed8cd1ffac1a15') in 0.015776 seconds 
  Import took 0.019699 seconds .

========================================================================
Received Import Request.
  Time since last request: 1.096610 seconds.
  path: Assets/Models/Ground Alien 03_ambientOcclusion.jpg
  artifactKey: Guid(599d37901c8796849afcc99a06c734b4) Importer(815301076,1909f56bfc062723c751e8b465ee728b)
Start importing Assets/Models/Ground Alien 03_ambientOcclusion.jpg using Guid(599d37901c8796849afcc99a06c734b4) Importer(815301076,1909f56bfc062723c751e8b465ee728b)  -> (artifact id: '0510086bd7e66f6718bddac72963189c') in 0.016709 seconds 
  Import took 0.020556 seconds .

========================================================================
Received Import Request.
  Time since last request: 330.950686 seconds.
  path: Assets/Models/Rock Alien 03.001.mat
  artifactKey: Guid(c5b7ad6d4360b3846b42a41e9c5e0c27) Importer(815301076,1909f56bfc062723c751e8b465ee728b)
Start importing Assets/Models/Rock Alien 03.001.mat using Guid(c5b7ad6d4360b3846b42a41e9c5e0c27) Importer(815301076,1909f56bfc062723c751e8b465ee728b)  -> (artifact id: 'f3b57e4f5d17d21d422daa984e5ad864') in 0.059387 seconds 
  Import took 0.063817 seconds .

========================================================================
Received Import Request.
  Time since last request: 3.026983 seconds.
  path: Assets/Models/Ground Alien 03_normal.png
  artifactKey: Guid(8c43084e47a0c714e8fc2465a32e0156) Importer(815301076,1909f56bfc062723c751e8b465ee728b)
Start importing Assets/Models/Ground Alien 03_normal.png using Guid(8c43084e47a0c714e8fc2465a32e0156) Importer(815301076,1909f56bfc062723c751e8b465ee728b)  -> (artifact id: '176025a04f9c1d2c5794d0776e031644') in 0.015888 seconds 
  Import took 0.019485 seconds .

========================================================================
Received Import Request.
  Time since last request: 42.829222 seconds.
  path: Assets/ExampleAssets
  artifactKey: Guid(83b7bbecd9fac4db9824039903a1eea8) Importer(815301076,1909f56bfc062723c751e8b465ee728b)
Start importing Assets/ExampleAssets using Guid(83b7bbecd9fac4db9824039903a1eea8) Importer(815301076,1909f56bfc062723c751e8b465ee728b)  -> (artifact id: 'e5464839eb3499d65eb59b6473df30c6') in 0.006309 seconds 
  Import took 0.009590 seconds .

========================================================================
Received Import Request.
  Time since last request: 0.798276 seconds.
  path: Assets/ExampleAssets/Materials
  artifactKey: Guid(7e2c000a47cf74a35ba28043f5839c1e) Importer(815301076,1909f56bfc062723c751e8b465ee728b)
Start importing Assets/ExampleAssets/Materials using Guid(7e2c000a47cf74a35ba28043f5839c1e) Importer(815301076,1909f56bfc062723c751e8b465ee728b)  -> (artifact id: 'a7174010c86d9fe13ac8fc1640645182') in 0.006502 seconds 
  Import took 0.009969 seconds .

========================================================================
Received Import Request.
  Time since last request: 0.081129 seconds.
  path: Assets/ExampleAssets/Materials/Controller.mat
  artifactKey: Guid(3d2e36aacd7dc084b96e0755f1af4137) Importer(815301076,1909f56bfc062723c751e8b465ee728b)
Start importing Assets/ExampleAssets/Materials/Controller.mat using Guid(3d2e36aacd7dc084b96e0755f1af4137) Importer(815301076,1909f56bfc062723c751e8b465ee728b)  -> (artifact id: 'dd843b91f75d94afebf148fd4cea9bd3') in 0.014564 seconds 
  Import took 0.019102 seconds .

========================================================================
Received Import Request.
  Time since last request: 0.000269 seconds.
  path: Assets/ExampleAssets/Materials/Grid.mat
  artifactKey: Guid(3f9336a53d1d2ea43895699cc52cb411) Importer(815301076,1909f56bfc062723c751e8b465ee728b)
Start importing Assets/ExampleAssets/Materials/Grid.mat using Guid(3f9336a53d1d2ea43895699cc52cb411) Importer(815301076,1909f56bfc062723c751e8b465ee728b)  -> (artifact id: 'e90cd5405dcb0e3276b4d8f6b284132a') in 0.019701 seconds 
  Import took 0.022807 seconds .

========================================================================
Received Import Request.
  Time since last request: 0.000218 seconds.
  path: Assets/ExampleAssets/Materials/Skybox Light.mat
  artifactKey: Guid(3a408e788dcbed6429c8d22a01b32a76) Importer(815301076,1909f56bfc062723c751e8b465ee728b)
Start importing Assets/ExampleAssets/Materials/Skybox Light.mat using Guid(3a408e788dcbed6429c8d22a01b32a76) Importer(815301076,1909f56bfc062723c751e8b465ee728b)  -> (artifact id: 'b010d591817387098af2086f37eb1948') in 0.023054 seconds 
  Import took 0.026060 seconds .

========================================================================
Received Import Request.
  Time since last request: 3.736040 seconds.
  path: Assets/Scenes
  artifactKey: Guid(0cc1b79de78bc4991892d4d342d7211a) Importer(815301076,1909f56bfc062723c751e8b465ee728b)
Start importing Assets/Scenes using Guid(0cc1b79de78bc4991892d4d342d7211a) Importer(815301076,1909f56bfc062723c751e8b465ee728b)  -> (artifact id: '1a2b783607780ab52c781c33bee8514e') in 0.005823 seconds 
  Import took 0.009142 seconds .

========================================================================
Received Import Request.
  Time since last request: 1.096224 seconds.
  path: Assets/Scenes/SampleSceneSettings.lighting
  artifactKey: Guid(89d539f5f50b42d469cc94e44c7dd732) Importer(815301076,1909f56bfc062723c751e8b465ee728b)
Start importing Assets/Scenes/SampleSceneSettings.lighting using Guid(89d539f5f50b42d469cc94e44c7dd732) Importer(815301076,1909f56bfc062723c751e8b465ee728b)  -> (artifact id: '508fb1e278cdc0cebbe9dc6035378d89') in 0.009532 seconds 
  Import took 0.012995 seconds .

========================================================================
Received Import Request.
  Time since last request: 2.225105 seconds.
  path: Assets/Scenes/SampleScene.unity
  artifactKey: Guid(9fc0d4010bbf28b4594072e72b8655ab) Importer(815301076,1909f56bfc062723c751e8b465ee728b)
Start importing Assets/Scenes/SampleScene.unity using Guid(9fc0d4010bbf28b4594072e72b8655ab) Importer(815301076,1909f56bfc062723c751e8b465ee728b)  -> (artifact id: '0679cfb77a979b1a4083361603271582') in 0.006813 seconds 
  Import took 0.010439 seconds .

AssetImportWorkerClient::OnTransportError - code=2 error=End of file
