Using pre-set license
Built from '2020.3/staging' branch; Version is '2020.3.23f1 (c5d91304a876) revision 12966163'; Using compiler version '192528614'; Build Type 'Release'
OS: 'Windows 10 Pro; OS build 19044.2364; Version 2009; 64bit' Language: 'en' Physical Memory: 16283 MB
BatchMode: 1, IsHumanControllingUs: 0, StartBugReporterOnCrash: 0, Is64bit: 1, IsPro: 0

COMMAND LINE ARGUMENTS:
C:\Program Files\Unity\Hub\Editor\2020.3.23f1\Editor\Unity.exe
-adb2
-batchMode
-noUpm
-name
AssetImportWorker0
-projectPath
C:/Users/cyjam/OneDrive/Documents/keiken-main/2020.3.23f1 Projeket Keiken
-logFile
Logs/AssetImportWorker0.log
-srvPort
61156
Successfully changed project path to: C:/Users/cyjam/OneDrive/Documents/keiken-main/2020.3.23f1 Projeket Keiken
C:/Users/cyjam/OneDrive/Documents/keiken-main/2020.3.23f1 Projeket Keiken
Using Asset Import Pipeline V2.
Refreshing native plugins compatible for Editor in 71.18 ms, found 11 plugins.
Preloading 2 native plugins for Editor in 3.29 ms.
Initialize engine version: 2020.3.23f1 (c5d91304a876)
[Subsystems] Discovering subsystems at path C:/Program Files/Unity/Hub/Editor/2020.3.23f1/Editor/Data/Resources/UnitySubsystems
[Subsystems] Discovering subsystems at path C:/Users/cyjam/OneDrive/Documents/keiken-main/2020.3.23f1 Projeket Keiken/Assets
GfxDevice: creating device client; threaded=0
Direct3D:
    Version:  Direct3D 11.0 [level 11.1]
    Renderer: NVIDIA GeForce GTX 1060 6GB (ID=0x1c03)
    Vendor:   
    VRAM:     6052 MB
    Driver:   31.0.15.1640
Initialize mono
Mono path[0] = 'C:/Program Files/Unity/Hub/Editor/2020.3.23f1/Editor/Data/Managed'
Mono path[1] = 'C:/Program Files/Unity/Hub/Editor/2020.3.23f1/Editor/Data/MonoBleedingEdge/lib/mono/unityjit'
Mono config path = 'C:/Program Files/Unity/Hub/Editor/2020.3.23f1/Editor/Data/MonoBleedingEdge/etc'
Using monoOptions --debugger-agent=transport=dt_socket,embedding=1,server=y,suspend=n,address=127.0.0.1:56164
Begin MonoManager ReloadAssembly
Registering precompiled unity dll's ...
Register platform support module: C:/Program Files/Unity/Hub/Editor/2020.3.23f1/Editor/Data/PlaybackEngines/WindowsStandaloneSupport/UnityEditor.WindowsStandalone.Extensions.dll
Registered in 0.003712 seconds.
Native extension for WindowsStandalone target not found
Refreshing native plugins compatible for Editor in 48.71 ms, found 11 plugins.
Preloading 2 native plugins for Editor in 0.14 ms.
Mono: successfully reloaded assembly
- Completed reload, in  0.665 seconds
Domain Reload Profiling:
	ReloadAssembly (665ms)
		BeginReloadAssembly (65ms)
			ExecutionOrderSort (0ms)
			DisableScriptedObjects (0ms)
			BackupInstance (0ms)
			ReleaseScriptingObjects (0ms)
			CreateAndSetChildDomain (1ms)
		EndReloadAssembly (508ms)
			LoadAssemblies (62ms)
			RebuildTransferFunctionScriptingTraits (0ms)
			SetupTypeCache (179ms)
			ReleaseScriptCaches (0ms)
			RebuildScriptCaches (30ms)
			SetupLoadedEditorAssemblies (177ms)
				LogAssemblyErrors (0ms)
				InitializePlatformSupportModulesInManaged (5ms)
				SetLoadedEditorAssemblies (0ms)
				RefreshPlugins (49ms)
				BeforeProcessingInitializeOnLoad (7ms)
				ProcessInitializeOnLoadAttributes (79ms)
				ProcessInitializeOnLoadMethodAttributes (36ms)
				AfterProcessingInitializeOnLoad (0ms)
				EditorAssembliesLoaded (0ms)
			ExecutionOrderSort2 (0ms)
			AwakeInstancesAfterBackupRestoration (0ms)
Platform modules already initialized, skipping
Registering precompiled user dll's ...
Registered in 0.026750 seconds.
Begin MonoManager ReloadAssembly
Native extension for WindowsStandalone target not found
Refreshing native plugins compatible for Editor in 1.01 ms, found 11 plugins.
Preloading 2 native plugins for Editor in 0.17 ms.
[XR] OculusXRPlugin: registering subsystems
[XR] Unable to register display lifecyle provider: [1]
[XR] Oculus Input lifecycle provider registered.
[XR] Unable to register input lifecyle provider: [1]
System.Reflection.TargetInvocationException: Exception has been thrown by the target of an invocation. ---> System.NullReferenceException: Object reference not set to an instance of an object
  at Unity.XR.Oculus.OculusLoader.AssetPathToAbsolutePath (System.String assetPath) [0x00048] in C:\Users\cjimenez2021\2020.3.23f1 Projeket Keiken\Library\PackageCache\com.unity.xr.oculus@1.11.0\Runtime\OculusLoader.cs:250 
  at Unity.XR.Oculus.OculusLoader.EditorLoadOVRPlugin () [0x0007b] in C:\Users\cjimenez2021\2020.3.23f1 Projeket Keiken\Library\PackageCache\com.unity.xr.oculus@1.11.0\Runtime\OculusLoader.cs:235 
  at (wrapper managed-to-native) System.Reflection.MonoMethod.InternalInvoke(System.Reflection.MonoMethod,object,object[],System.Exception&)
  at System.Reflection.MonoMethod.Invoke (System.Object obj, System.Reflection.BindingFlags invokeAttr, System.Reflection.Binder binder, System.Object[] parameters, System.Globalization.CultureInfo culture) [0x00032] in <695d1cc93cca45069c528c15c9fdd749>:0 
   --- End of inner exception stack trace ---
  at System.Reflection.MonoMethod.Invoke (System.Object obj, System.Reflection.BindingFlags invokeAttr, System.Reflection.Binder binder, System.Object[] parameters, System.Globalization.CultureInfo culture) [0x00048] in <695d1cc93cca45069c528c15c9fdd749>:0 
  at System.Reflection.MethodBase.Invoke (System.Object obj, System.Object[] parameters) [0x00000] in <695d1cc93cca45069c528c15c9fdd749>:0 
  at UnityEditor.EditorAssemblies.ProcessInitializeOnLoadMethodAttributes () [0x00047] in <ad50112e30b445fdbf80d5814c3cbcf6>:0 
UnityEngine.StackTraceUtility:ExtractStackTrace ()
UnityEngine.DebugLogHandler:LogFormat (UnityEngine.LogType,UnityEngine.Object,string,object[])
UnityEngine.Logger:Log (UnityEngine.LogType,object)
UnityEngine.Debug:LogError (object)
UnityEditor.EditorAssemblies:ProcessInitializeOnLoadMethodAttributes ()

Mono: successfully reloaded assembly
- Completed reload, in  1.638 seconds
Domain Reload Profiling:
	ReloadAssembly (1642ms)
		BeginReloadAssembly (478ms)
			ExecutionOrderSort (0ms)
			DisableScriptedObjects (32ms)
			BackupInstance (0ms)
			ReleaseScriptingObjects (0ms)
			CreateAndSetChildDomain (47ms)
		EndReloadAssembly (1086ms)
			LoadAssemblies (124ms)
			RebuildTransferFunctionScriptingTraits (0ms)
			SetupTypeCache (338ms)
			ReleaseScriptCaches (0ms)
			RebuildScriptCaches (56ms)
			SetupLoadedEditorAssemblies (444ms)
				LogAssemblyErrors (0ms)
				InitializePlatformSupportModulesInManaged (6ms)
				SetLoadedEditorAssemblies (1ms)
				RefreshPlugins (1ms)
				BeforeProcessingInitializeOnLoad (98ms)
				ProcessInitializeOnLoadAttributes (307ms)
				ProcessInitializeOnLoadMethodAttributes (23ms)
				AfterProcessingInitializeOnLoad (8ms)
				EditorAssembliesLoaded (0ms)
			ExecutionOrderSort2 (0ms)
			AwakeInstancesAfterBackupRestoration (5ms)
Platform modules already initialized, skipping
========================================================================
Worker process is ready to serve import requests
Launched and connected shader compiler UnityShaderCompiler.exe after 0.06 seconds
Refreshing native plugins compatible for Editor in 1.26 ms, found 11 plugins.
Preloading 2 native plugins for Editor in 0.23 ms.
Unloading 1965 Unused Serialized files (Serialized files now loaded: 0)
System memory in use before: 82.4 MB.
System memory in use after: 82.5 MB.

Unloading 23 unused Assets to reduce memory usage. Loaded Objects now: 2395.
Total: 4.809900 ms (FindLiveObjects: 0.329700 ms CreateObjectMapping: 0.145200 ms MarkObjects: 4.230300 ms  DeleteObjects: 0.102200 ms)

AssetImportParameters requested are different than current active one (requested -> active):
  custom:framework-win-MediaFoundation: 216162199b28c13a410421893ffa2e32 -> 
  custom:video-decoder-ogg-theora: a1e56fd34408186e4bbccfd4996cb3dc -> 
  custom:container-muxer-webm: aa71ff27fc2769a1b78a27578f13a17b -> 
  custom:container-demuxer-webm: 4f35f7cbe854078d1ac9338744f61a02 -> 
  custom:container-demuxer-ogg: 62fdf1f143b41e24485cea50d1cbac27 -> 
  custom:video-encoder-webm-vp8: eb34c28f22e8b96e1ab97ce403110664 -> 
  custom:video-decoder-webm-vp8: 9c59270c3fd7afecdb556c50c9e8de78 -> 
  custom:audio-decoder-ogg-vorbis: bf7c407c2cedff20999df2af8eb42d56 -> 
  custom:audio-encoder-webm-vorbis: bf7c407c2cedff20999df2af8eb42d56 -> 
========================================================================
Received Import Request.
  path: Assets/Models/AlienGround.fbx
  artifactKey: Guid(abc79facf318ee0479cc6e21f165904f) Importer(815301076,1909f56bfc062723c751e8b465ee728b)
Start importing Assets/Models/AlienGround.fbx using Guid(abc79facf318ee0479cc6e21f165904f) Importer(815301076,1909f56bfc062723c751e8b465ee728b)  -> (artifact id: '7da6eaff5b90ac7271dbc353404dbe81') in 0.204466 seconds 
  Import took 0.208800 seconds .

========================================================================
Received Import Request.
  Time since last request: 111.051226 seconds.
  path: Assets/Models/Ground Alien 03_ambientOcclusion.jpg
  artifactKey: Guid(0a3d0432e6a011b4887858520666ac92) Importer(815301076,1909f56bfc062723c751e8b465ee728b)
Start importing Assets/Models/Ground Alien 03_ambientOcclusion.jpg using Guid(0a3d0432e6a011b4887858520666ac92) Importer(815301076,1909f56bfc062723c751e8b465ee728b)  -> (artifact id: '6f1dfa46fd4d3ce756268a45ce8371da') in 0.059817 seconds 
  Import took 0.066927 seconds .

========================================================================
Received Import Request.
  Time since last request: 0.000380 seconds.
  path: Assets/Models/Ground Alien 03_roughness.jpg
  artifactKey: Guid(e62f13fcc95cec94ea1a07469b6bab68) Importer(815301076,1909f56bfc062723c751e8b465ee728b)
Start importing Assets/Models/Ground Alien 03_roughness.jpg using Guid(e62f13fcc95cec94ea1a07469b6bab68) Importer(815301076,1909f56bfc062723c751e8b465ee728b)  -> (artifact id: '42956df60a282f4eb81e33e98722eeb7') in 0.021048 seconds 
  Import took 0.026043 seconds .

========================================================================
Received Import Request.
  Time since last request: 0.000350 seconds.
  path: Assets/Models/Ground Alien 03_height.jpg
  artifactKey: Guid(e44b78568d652f2439de84f24d18246e) Importer(815301076,1909f56bfc062723c751e8b465ee728b)
Start importing Assets/Models/Ground Alien 03_height.jpg using Guid(e44b78568d652f2439de84f24d18246e) Importer(815301076,1909f56bfc062723c751e8b465ee728b)  -> (artifact id: 'c4e5f887b6e1dc2ce8aacba98dab1c56') in 0.016953 seconds 
  Import took 0.020894 seconds .

========================================================================
Received Import Request.
  Time since last request: 0.000348 seconds.
  path: Assets/Models/Ground Alien 03_diffuse.jpg
  artifactKey: Guid(43252ffd6bbb30f47b064d3edaea8a7d) Importer(815301076,1909f56bfc062723c751e8b465ee728b)
Start importing Assets/Models/Ground Alien 03_diffuse.jpg using Guid(43252ffd6bbb30f47b064d3edaea8a7d) Importer(815301076,1909f56bfc062723c751e8b465ee728b)  -> (artifact id: 'e40fbcf329d9ca454b262ac07ad421da') in 0.025966 seconds 
  Import took 0.030302 seconds .

========================================================================
Received Import Request.
  Time since last request: 0.000712 seconds.
  path: Assets/Models/Ground Alien 03_normal.jpg
  artifactKey: Guid(f143746d7a6ccee4f84915dce1089905) Importer(815301076,1909f56bfc062723c751e8b465ee728b)
Start importing Assets/Models/Ground Alien 03_normal.jpg using Guid(f143746d7a6ccee4f84915dce1089905) Importer(815301076,1909f56bfc062723c751e8b465ee728b)  -> (artifact id: 'fc20f841bd84089e9fd67060e88238a8') in 0.021868 seconds 
  Import took 0.027233 seconds .

========================================================================
Received Import Request.
  Time since last request: 14.654599 seconds.
  path: Assets/Models/AlienGround.fbx
  artifactKey: Guid(abc79facf318ee0479cc6e21f165904f) Importer(815301076,1909f56bfc062723c751e8b465ee728b)
Start importing Assets/Models/AlienGround.fbx using Guid(abc79facf318ee0479cc6e21f165904f) Importer(815301076,1909f56bfc062723c751e8b465ee728b)  -> (artifact id: 'dfd01714c47851277ee61a995e93e654') in 0.019030 seconds 
  Import took 0.022848 seconds .

========================================================================
Received Import Request.
  Time since last request: 0.000633 seconds.
  path: Assets/Models/Rock Alien 03.mat
  artifactKey: Guid(1fdd6476eae1d7c48b9606ea61720ae7) Importer(815301076,1909f56bfc062723c751e8b465ee728b)
Start importing Assets/Models/Rock Alien 03.mat using Guid(1fdd6476eae1d7c48b9606ea61720ae7) Importer(815301076,1909f56bfc062723c751e8b465ee728b)  -> (artifact id: '6ba9cf5ad0563feab190c2adba8e638c') in 0.018193 seconds 
  Import took 0.023002 seconds .

========================================================================
Received Import Request.
  Time since last request: 75.745018 seconds.
  path: Packages/com.unity.learn.iet-framework/Editor/UI/Tutorial Icons/edit-colors@2x.png
  artifactKey: Guid(89020edcc6615404493802900ed04b05) Importer(815301076,1909f56bfc062723c751e8b465ee728b)
Start importing Packages/com.unity.learn.iet-framework/Editor/UI/Tutorial Icons/edit-colors@2x.png using Guid(89020edcc6615404493802900ed04b05) Importer(815301076,1909f56bfc062723c751e8b465ee728b)  -> (artifact id: '4bbc17ba0c66efe646662e9117c1158b') in 0.015591 seconds 
  Import took 0.020750 seconds .

========================================================================
Received Import Request.
  Time since last request: 0.000406 seconds.
  path: Packages/com.unity.collab-proxy/Editor/PlasticSCM/Assets/Images/iconaddedlocal@2x.png
  artifactKey: Guid(a67b58d6cddcd4345b1e001340de5a76) Importer(815301076,1909f56bfc062723c751e8b465ee728b)
Start importing Packages/com.unity.collab-proxy/Editor/PlasticSCM/Assets/Images/iconaddedlocal@2x.png using Guid(a67b58d6cddcd4345b1e001340de5a76) Importer(815301076,1909f56bfc062723c751e8b465ee728b)  -> (artifact id: '4e3fd140f8ad2d6c217e927f004873b5') in 0.026448 seconds 
  Import took 0.030861 seconds .

========================================================================
Received Import Request.
  Time since last request: 0.000420 seconds.
  path: Packages/com.unity.collab-proxy/Editor/Collaborate/Assets/Icons/edited-file-dark@2x.png
  artifactKey: Guid(cdf2b54d520524c418aed1dc00eec185) Importer(815301076,1909f56bfc062723c751e8b465ee728b)
Start importing Packages/com.unity.collab-proxy/Editor/Collaborate/Assets/Icons/edited-file-dark@2x.png using Guid(cdf2b54d520524c418aed1dc00eec185) Importer(815301076,1909f56bfc062723c751e8b465ee728b)  -> (artifact id: '9ad0a1a08432e515eb32747461fc2ee9') in 0.011995 seconds 
  Import took 0.016202 seconds .

========================================================================
Received Import Request.
  Time since last request: 0.000540 seconds.
  path: Packages/com.unity.learn.iet-framework/Editor/UI/Tutorial Icons/icon-link@2x.png
  artifactKey: Guid(caa22bb026fa84979ba1be2779739367) Importer(815301076,1909f56bfc062723c751e8b465ee728b)
Start importing Packages/com.unity.learn.iet-framework/Editor/UI/Tutorial Icons/icon-link@2x.png using Guid(caa22bb026fa84979ba1be2779739367) Importer(815301076,1909f56bfc062723c751e8b465ee728b)  -> (artifact id: '297e7bea9f52aebb6977d3a938ed53ff') in 0.012642 seconds 
  Import took 0.016600 seconds .

========================================================================
Received Import Request.
  Time since last request: 0.000481 seconds.
  path: Packages/com.unity.collab-proxy/Editor/PlasticSCM/Assets/Images/iconaddedoverlay@2x.png
  artifactKey: Guid(74ef721fef79c44489d4e3edb0ab0c01) Importer(815301076,1909f56bfc062723c751e8b465ee728b)
Start importing Packages/com.unity.collab-proxy/Editor/PlasticSCM/Assets/Images/iconaddedoverlay@2x.png using Guid(74ef721fef79c44489d4e3edb0ab0c01) Importer(815301076,1909f56bfc062723c751e8b465ee728b)  -> (artifact id: 'dbfe7a7814fb610193b0a38883bae597') in 0.014148 seconds 
  Import took 0.019041 seconds .

========================================================================
Received Import Request.
  Time since last request: 0.000536 seconds.
  path: Packages/com.unity.collab-proxy/Editor/PlasticSCM/Assets/Images/iconaddedoverlay.png
  artifactKey: Guid(5978a510e241e1a41b7ea0db0b64f333) Importer(815301076,1909f56bfc062723c751e8b465ee728b)
Start importing Packages/com.unity.collab-proxy/Editor/PlasticSCM/Assets/Images/iconaddedoverlay.png using Guid(5978a510e241e1a41b7ea0db0b64f333) Importer(815301076,1909f56bfc062723c751e8b465ee728b)  -> (artifact id: 'b7638ef433d615ec68624fd309f38a04') in 0.014793 seconds 
  Import took 0.019204 seconds .

========================================================================
Received Import Request.
  Time since last request: 0.000406 seconds.
  path: Packages/com.unity.collab-proxy/Editor/PlasticSCM/Assets/Images/iconadded.png
  artifactKey: Guid(1196e728cbc6c25429f25431acabb4d1) Importer(815301076,1909f56bfc062723c751e8b465ee728b)
Start importing Packages/com.unity.collab-proxy/Editor/PlasticSCM/Assets/Images/iconadded.png using Guid(1196e728cbc6c25429f25431acabb4d1) Importer(815301076,1909f56bfc062723c751e8b465ee728b)  -> (artifact id: 'bec06fde8e4d7d808663d322b637b85f') in 0.014192 seconds 
  Import took 0.018468 seconds .

========================================================================
Received Import Request.
  Time since last request: 0.000375 seconds.
  path: Packages/com.unity.learn.iet-framework/Editor/UI/Tutorial Headers/header-play.png
  artifactKey: Guid(d4dab764bb81e44bd9443cdee2776015) Importer(815301076,1909f56bfc062723c751e8b465ee728b)
Start importing Packages/com.unity.learn.iet-framework/Editor/UI/Tutorial Headers/header-play.png using Guid(d4dab764bb81e44bd9443cdee2776015) Importer(815301076,1909f56bfc062723c751e8b465ee728b)  -> (artifact id: 'f9ebe43cdb5683cac3b3d68a6909dcf9') in 0.011256 seconds 
  Import took 0.015400 seconds .

========================================================================
Received Import Request.
  Time since last request: 0.000341 seconds.
  path: Packages/com.unity.collab-proxy/Editor/Collaborate/Assets/Icons/edited-file-dark.png
  artifactKey: Guid(bcc2167ce63c6264b9c1295e97bec6bc) Importer(815301076,1909f56bfc062723c751e8b465ee728b)
Start importing Packages/com.unity.collab-proxy/Editor/Collaborate/Assets/Icons/edited-file-dark.png using Guid(bcc2167ce63c6264b9c1295e97bec6bc) Importer(815301076,1909f56bfc062723c751e8b465ee728b)  -> (artifact id: 'e3556679dc03b503931cc58f66ea508e') in 0.010641 seconds 
  Import took 0.013988 seconds .

========================================================================
Received Import Request.
  Time since last request: 0.000361 seconds.
  path: Packages/com.unity.learn.iet-framework/Editor/UI/Tutorial Headers/header-completed.png
  artifactKey: Guid(cf2b88c8b41ea4e42ba6e17726c32b87) Importer(815301076,1909f56bfc062723c751e8b465ee728b)
Start importing Packages/com.unity.learn.iet-framework/Editor/UI/Tutorial Headers/header-completed.png using Guid(cf2b88c8b41ea4e42ba6e17726c32b87) Importer(815301076,1909f56bfc062723c751e8b465ee728b)  -> (artifact id: '155b583b89dd5e0cda369fc8a449c5c4') in 0.011570 seconds 
  Import took 0.015485 seconds .

========================================================================
Received Import Request.
  Time since last request: 0.000470 seconds.
  path: Packages/com.unity.learn.iet-framework/Editor/UI/Tutorial Icons/editor-ui@2x.png
  artifactKey: Guid(a77faddc74a5a452e8ae1a65ef7e92c7) Importer(815301076,1909f56bfc062723c751e8b465ee728b)
Start importing Packages/com.unity.learn.iet-framework/Editor/UI/Tutorial Icons/editor-ui@2x.png using Guid(a77faddc74a5a452e8ae1a65ef7e92c7) Importer(815301076,1909f56bfc062723c751e8b465ee728b)  -> (artifact id: '6ec97ad7527404ab2606abd91394195d') in 0.010782 seconds 
  Import took 0.014105 seconds .

========================================================================
Received Import Request.
  Time since last request: 0.000378 seconds.
  path: Packages/com.unity.learn.iet-framework/Editor/UI/Tutorial Icons/editor-ui.png
  artifactKey: Guid(08d740025d26044ba87326db221ac571) Importer(815301076,1909f56bfc062723c751e8b465ee728b)
Start importing Packages/com.unity.learn.iet-framework/Editor/UI/Tutorial Icons/editor-ui.png using Guid(08d740025d26044ba87326db221ac571) Importer(815301076,1909f56bfc062723c751e8b465ee728b)  -> (artifact id: 'fb05be265c885549e8726e2802768c2b') in 0.010628 seconds 
  Import took 0.014679 seconds .

========================================================================
Received Import Request.
  Time since last request: 0.000375 seconds.
  path: Assets/ExampleAssets/Textures/Grid_Light_512x512.png
  artifactKey: Guid(a5888ab2610a91d40a5deefc40b7bfe4) Importer(815301076,1909f56bfc062723c751e8b465ee728b)
Start importing Assets/ExampleAssets/Textures/Grid_Light_512x512.png using Guid(a5888ab2610a91d40a5deefc40b7bfe4) Importer(815301076,1909f56bfc062723c751e8b465ee728b)  -> (artifact id: '7cbbf31b22ec489023e3765f3085a50a') in 0.011064 seconds 
  Import took 0.014949 seconds .

========================================================================
Received Import Request.
  Time since last request: 0.000356 seconds.
  path: Packages/com.unity.learn.iet-framework/Editor/UI/Tutorial Headers/header-www.png
  artifactKey: Guid(7047302abcab8496488f93b3f766350d) Importer(815301076,1909f56bfc062723c751e8b465ee728b)
Start importing Packages/com.unity.learn.iet-framework/Editor/UI/Tutorial Headers/header-www.png using Guid(7047302abcab8496488f93b3f766350d) Importer(815301076,1909f56bfc062723c751e8b465ee728b)  -> (artifact id: 'b037667dc62af023851a712ca283d68c') in 0.008702 seconds 
  Import took 0.013216 seconds .

========================================================================
Received Import Request.
  Time since last request: 0.000770 seconds.
  path: Packages/com.unity.learn.iet-framework/Editor/UI/Tutorial Icons/icon-link.png
  artifactKey: Guid(34f8353def45a477789cf4128242e8ea) Importer(815301076,1909f56bfc062723c751e8b465ee728b)
Start importing Packages/com.unity.learn.iet-framework/Editor/UI/Tutorial Icons/icon-link.png using Guid(34f8353def45a477789cf4128242e8ea) Importer(815301076,1909f56bfc062723c751e8b465ee728b)  -> (artifact id: '223748c52d91e6329cf21a57734f3476') in 0.010359 seconds 
  Import took 0.014896 seconds .

========================================================================
Received Import Request.
  Time since last request: 0.000313 seconds.
  path: Packages/com.unity.collab-proxy/Editor/PlasticSCM/Assets/Images/iconaddedlocal.png
  artifactKey: Guid(9a1ab8af8c446204e989a90f18305caf) Importer(815301076,1909f56bfc062723c751e8b465ee728b)
Start importing Packages/com.unity.collab-proxy/Editor/PlasticSCM/Assets/Images/iconaddedlocal.png using Guid(9a1ab8af8c446204e989a90f18305caf) Importer(815301076,1909f56bfc062723c751e8b465ee728b)  -> (artifact id: '524421019bd18fe90177ee2f73abe1a0') in 0.036624 seconds 
  Import took 0.040137 seconds .

========================================================================
Received Import Request.
  Time since last request: 0.000357 seconds.
  path: Packages/com.unity.collab-proxy/Editor/Collaborate/Assets/Icons/edited-file-light@2x.png
  artifactKey: Guid(c5b20b1351db04e44b3baeba4679c8d7) Importer(815301076,1909f56bfc062723c751e8b465ee728b)
Start importing Packages/com.unity.collab-proxy/Editor/Collaborate/Assets/Icons/edited-file-light@2x.png using Guid(c5b20b1351db04e44b3baeba4679c8d7) Importer(815301076,1909f56bfc062723c751e8b465ee728b)  -> (artifact id: 'ba14aff20c66536894886f83116c8e87') in 0.010143 seconds 
  Import took 0.013705 seconds .

========================================================================
Received Import Request.
  Time since last request: 0.000316 seconds.
  path: Packages/com.unity.learn.iet-framework/Editor/UI/Tutorial Headers/header-ui.png
  artifactKey: Guid(59ee9782ecd754efa80a388d1782d503) Importer(815301076,1909f56bfc062723c751e8b465ee728b)
Start importing Packages/com.unity.learn.iet-framework/Editor/UI/Tutorial Headers/header-ui.png using Guid(59ee9782ecd754efa80a388d1782d503) Importer(815301076,1909f56bfc062723c751e8b465ee728b)  -> (artifact id: 'd051deebf078b5dedcb1de71985763e6') in 0.009251 seconds 
  Import took 0.012808 seconds .

========================================================================
Received Import Request.
  Time since last request: 0.000308 seconds.
  path: Packages/com.unity.learn.iet-framework/Editor/UI/Tutorial Headers/header-prefab.png
  artifactKey: Guid(2ca2357d648eb412d8129fa039b986fe) Importer(815301076,1909f56bfc062723c751e8b465ee728b)
Start importing Packages/com.unity.learn.iet-framework/Editor/UI/Tutorial Headers/header-prefab.png using Guid(2ca2357d648eb412d8129fa039b986fe) Importer(815301076,1909f56bfc062723c751e8b465ee728b)  -> (artifact id: 'b1f176fe13c49c354632e25659561de8') in 0.010491 seconds 
  Import took 0.014488 seconds .

========================================================================
Received Import Request.
  Time since last request: 0.000296 seconds.
  path: Packages/com.unity.collab-proxy/Editor/PlasticSCM/Assets/Images/iconchanged.png
  artifactKey: Guid(6719b9ff26333564181b5328d934035c) Importer(815301076,1909f56bfc062723c751e8b465ee728b)
Start importing Packages/com.unity.collab-proxy/Editor/PlasticSCM/Assets/Images/iconchanged.png using Guid(6719b9ff26333564181b5328d934035c) Importer(815301076,1909f56bfc062723c751e8b465ee728b)  -> (artifact id: '1cca5aedce53d375e0a3e58d080d7de1') in 0.013669 seconds 
  Import took 0.017530 seconds .

========================================================================
Received Import Request.
  Time since last request: 0.000332 seconds.
  path: Packages/com.unity.learn.iet-framework/Editor/UI/Tutorial Headers/header-color.png
  artifactKey: Guid(49f7c306ee926487bb4f10455ebea8c8) Importer(815301076,1909f56bfc062723c751e8b465ee728b)
Start importing Packages/com.unity.learn.iet-framework/Editor/UI/Tutorial Headers/header-color.png using Guid(49f7c306ee926487bb4f10455ebea8c8) Importer(815301076,1909f56bfc062723c751e8b465ee728b)  -> (artifact id: 'c02935d30d8de28a5af911f0cdf8a261') in 0.009164 seconds 
  Import took 0.012597 seconds .

========================================================================
Received Import Request.
  Time since last request: 0.000323 seconds.
  path: Packages/com.unity.collab-proxy/Editor/Collaborate/Assets/Icons/edited-file-light.png
  artifactKey: Guid(33c1613cec3e57243baaa6b3dba6fec5) Importer(815301076,1909f56bfc062723c751e8b465ee728b)
Start importing Packages/com.unity.collab-proxy/Editor/Collaborate/Assets/Icons/edited-file-light.png using Guid(33c1613cec3e57243baaa6b3dba6fec5) Importer(815301076,1909f56bfc062723c751e8b465ee728b)  -> (artifact id: 'd65559a1bce7c0c4d9b05acca4d9e6f6') in 0.010152 seconds 
  Import took 0.014077 seconds .

========================================================================
Received Import Request.
  Time since last request: 0.000310 seconds.
  path: Packages/com.unity.collab-proxy/Editor/PlasticSCM/Assets/Images/iconbranch@2x.png
  artifactKey: Guid(e45389a8a97044d4caf408f252370632) Importer(815301076,1909f56bfc062723c751e8b465ee728b)
Start importing Packages/com.unity.collab-proxy/Editor/PlasticSCM/Assets/Images/iconbranch@2x.png using Guid(e45389a8a97044d4caf408f252370632) Importer(815301076,1909f56bfc062723c751e8b465ee728b)  -> (artifact id: 'f3a642c91d141897cc7312c89f8574eb') in 0.012815 seconds 
  Import took 0.017486 seconds .

========================================================================
Received Import Request.
  Time since last request: 0.000323 seconds.
  path: Packages/com.unity.collab-proxy/Editor/PlasticSCM/Assets/Images/iconbranch.png
  artifactKey: Guid(a6219d44b6fc910449f7c3fee45db5c5) Importer(815301076,1909f56bfc062723c751e8b465ee728b)
Start importing Packages/com.unity.collab-proxy/Editor/PlasticSCM/Assets/Images/iconbranch.png using Guid(a6219d44b6fc910449f7c3fee45db5c5) Importer(815301076,1909f56bfc062723c751e8b465ee728b)  -> (artifact id: '179ae49a8b69d80b8c7e0c0b818325b3') in 0.012521 seconds 
  Import took 0.016284 seconds .

========================================================================
Received Import Request.
  Time since last request: 38.772106 seconds.
  path: Assets/Models/Rock Alien 03.mat
  artifactKey: Guid(1fdd6476eae1d7c48b9606ea61720ae7) Importer(815301076,1909f56bfc062723c751e8b465ee728b)
Start importing Assets/Models/Rock Alien 03.mat using Guid(1fdd6476eae1d7c48b9606ea61720ae7) Importer(815301076,1909f56bfc062723c751e8b465ee728b)  -> (artifact id: '3591f5a37c24ca37d3584ccc5e77fbc5') in 0.065069 seconds 
  Import took 0.068729 seconds .

========================================================================
Received Import Request.
  Time since last request: 0.000448 seconds.
  path: Assets/Models/Sci-Fi Panel.mat
  artifactKey: Guid(60ee2cddeaa39414e963ce8f70e19e65) Importer(815301076,1909f56bfc062723c751e8b465ee728b)
Start importing Assets/Models/Sci-Fi Panel.mat using Guid(60ee2cddeaa39414e963ce8f70e19e65) Importer(815301076,1909f56bfc062723c751e8b465ee728b)  -> (artifact id: '7cba856262a6c43a885d10d919740216') in 0.030474 seconds 
  Import took 0.034771 seconds .

========================================================================
Received Import Request.
  Time since last request: 2.100325 seconds.
  path: Assets/Models/Ground Alien 03_normal.jpg
  artifactKey: Guid(f143746d7a6ccee4f84915dce1089905) Importer(815301076,1909f56bfc062723c751e8b465ee728b)
Start importing Assets/Models/Ground Alien 03_normal.jpg using Guid(f143746d7a6ccee4f84915dce1089905) Importer(815301076,1909f56bfc062723c751e8b465ee728b)  -> (artifact id: 'dac3943e2665403875ad5d4d7ced58cd') in 0.026536 seconds 
  Import took 0.031621 seconds .

========================================================================
Received Import Request.
  Time since last request: 122.320750 seconds.
  path: Assets/ExampleAssets/Models/XRControllerLeft.fbx
  artifactKey: Guid(e48d18018a0ba46c283d9fd9c227e578) Importer(815301076,1909f56bfc062723c751e8b465ee728b)
Start importing Assets/ExampleAssets/Models/XRControllerLeft.fbx using Guid(e48d18018a0ba46c283d9fd9c227e578) Importer(815301076,1909f56bfc062723c751e8b465ee728b)  -> (artifact id: '685cebe0f0f025f0ed68770e3642bd35') in 0.103358 seconds 
  Import took 0.108306 seconds .

========================================================================
Received Import Request.
  Time since last request: 0.000449 seconds.
  path: Assets/ExampleAssets/Models/XRControllerRight.fbx
  artifactKey: Guid(2d10b9b89f2474de9800b152c3d00004) Importer(815301076,1909f56bfc062723c751e8b465ee728b)
Start importing Assets/ExampleAssets/Models/XRControllerRight.fbx using Guid(2d10b9b89f2474de9800b152c3d00004) Importer(815301076,1909f56bfc062723c751e8b465ee728b)  -> (artifact id: 'f91e67643ef345d1285c6791041be171') in 0.093905 seconds 
  Import took 0.098474 seconds .

AssetImportWorkerClient::OnTransportError - code=2 error=End of file
