Using pre-set license
Built from '2020.3/staging' branch; Version is '2020.3.23f1 (c5d91304a876) revision 12966163'; Using compiler version '192528614'; Build Type 'Release'
OS: 'Windows 10 Education; OS build 19044.1889; Version 2009; 64bit' Language: 'en' Physical Memory: 16300 MB
BatchMode: 1, IsHumanControllingUs: 0, StartBugReporterOnCrash: 0, Is64bit: 1, IsPro: 0

COMMAND LINE ARGUMENTS:
C:\Program Files\Unity\Hub\Editor\2020.3.23f1\Editor\Unity.exe
-adb2
-batchMode
-noUpm
-name
AssetImportWorker0
-projectPath
C:/Users/cjimenez2021/2020.3.23f1 Projeket Keiken
-logFile
Logs/AssetImportWorker0.log
-srvPort
59137
Successfully changed project path to: C:/Users/cjimenez2021/2020.3.23f1 Projeket Keiken
C:/Users/cjimenez2021/2020.3.23f1 Projeket Keiken
Using Asset Import Pipeline V2.
Refreshing native plugins compatible for Editor in 140.93 ms, found 11 plugins.
Preloading 2 native plugins for Editor in 1.67 ms.
Initialize engine version: 2020.3.23f1 (c5d91304a876)
[Subsystems] Discovering subsystems at path C:/Program Files/Unity/Hub/Editor/2020.3.23f1/Editor/Data/Resources/UnitySubsystems
[Subsystems] Discovering subsystems at path C:/Users/cjimenez2021/2020.3.23f1 Projeket Keiken/Assets
GfxDevice: creating device client; threaded=0
Direct3D:
    Version:  Direct3D 11.0 [level 11.1]
    Renderer: NVIDIA GeForce GTX 1070 (ID=0x1b81)
    Vendor:   
    VRAM:     8088 MB
    Driver:   27.21.14.5671
Initialize mono
Mono path[0] = 'C:/Program Files/Unity/Hub/Editor/2020.3.23f1/Editor/Data/Managed'
Mono path[1] = 'C:/Program Files/Unity/Hub/Editor/2020.3.23f1/Editor/Data/MonoBleedingEdge/lib/mono/unityjit'
Mono config path = 'C:/Program Files/Unity/Hub/Editor/2020.3.23f1/Editor/Data/MonoBleedingEdge/etc'
Using monoOptions --debugger-agent=transport=dt_socket,embedding=1,server=y,suspend=n,address=127.0.0.1:56248
Begin MonoManager ReloadAssembly
Registering precompiled unity dll's ...
Register platform support module: C:/Program Files/Unity/Hub/Editor/2020.3.23f1/Editor/Data/PlaybackEngines/WindowsStandaloneSupport/UnityEditor.WindowsStandalone.Extensions.dll
Registered in 0.059998 seconds.
Native extension for WindowsStandalone target not found
Refreshing native plugins compatible for Editor in 47.75 ms, found 11 plugins.
Preloading 2 native plugins for Editor in 0.14 ms.
Mono: successfully reloaded assembly
- Completed reload, in  0.831 seconds
Domain Reload Profiling:
	ReloadAssembly (831ms)
		BeginReloadAssembly (56ms)
			ExecutionOrderSort (0ms)
			DisableScriptedObjects (0ms)
			BackupInstance (0ms)
			ReleaseScriptingObjects (0ms)
			CreateAndSetChildDomain (1ms)
		EndReloadAssembly (643ms)
			LoadAssemblies (54ms)
			RebuildTransferFunctionScriptingTraits (0ms)
			SetupTypeCache (154ms)
			ReleaseScriptCaches (0ms)
			RebuildScriptCaches (28ms)
			SetupLoadedEditorAssemblies (194ms)
				LogAssemblyErrors (0ms)
				InitializePlatformSupportModulesInManaged (4ms)
				SetLoadedEditorAssemblies (0ms)
				RefreshPlugins (48ms)
				BeforeProcessingInitializeOnLoad (7ms)
				ProcessInitializeOnLoadAttributes (81ms)
				ProcessInitializeOnLoadMethodAttributes (53ms)
				AfterProcessingInitializeOnLoad (0ms)
				EditorAssembliesLoaded (0ms)
			ExecutionOrderSort2 (0ms)
			AwakeInstancesAfterBackupRestoration (0ms)
Platform modules already initialized, skipping
Registering precompiled user dll's ...
Registered in 0.097328 seconds.
Begin MonoManager ReloadAssembly
Native extension for WindowsStandalone target not found
Refreshing native plugins compatible for Editor in 0.59 ms, found 11 plugins.
Preloading 2 native plugins for Editor in 0.14 ms.
[XR] OculusXRPlugin: registering subsystems
[XR] Unable to register display lifecyle provider: [1]
[XR] Oculus Input lifecycle provider registered.
[XR] Unable to register input lifecyle provider: [1]
System.Reflection.TargetInvocationException: Exception has been thrown by the target of an invocation. ---> System.NullReferenceException: Object reference not set to an instance of an object
  at Unity.XR.Oculus.OculusLoader.AssetPathToAbsolutePath (System.String assetPath) [0x00048] in C:\Users\cjimenez2021\2020.3.23f1 Projeket Keiken\Library\PackageCache\com.unity.xr.oculus@1.11.0\Runtime\OculusLoader.cs:250 
  at Unity.XR.Oculus.OculusLoader.EditorLoadOVRPlugin () [0x0007b] in C:\Users\cjimenez2021\2020.3.23f1 Projeket Keiken\Library\PackageCache\com.unity.xr.oculus@1.11.0\Runtime\OculusLoader.cs:235 
  at (wrapper managed-to-native) System.Reflection.MonoMethod.InternalInvoke(System.Reflection.MonoMethod,object,object[],System.Exception&)
  at System.Reflection.MonoMethod.Invoke (System.Object obj, System.Reflection.BindingFlags invokeAttr, System.Reflection.Binder binder, System.Object[] parameters, System.Globalization.CultureInfo culture) [0x00032] in <695d1cc93cca45069c528c15c9fdd749>:0 
   --- End of inner exception stack trace ---
  at System.Reflection.MonoMethod.Invoke (System.Object obj, System.Reflection.BindingFlags invokeAttr, System.Reflection.Binder binder, System.Object[] parameters, System.Globalization.CultureInfo culture) [0x00048] in <695d1cc93cca45069c528c15c9fdd749>:0 
  at System.Reflection.MethodBase.Invoke (System.Object obj, System.Object[] parameters) [0x00000] in <695d1cc93cca45069c528c15c9fdd749>:0 
  at UnityEditor.EditorAssemblies.ProcessInitializeOnLoadMethodAttributes () [0x00047] in <ad50112e30b445fdbf80d5814c3cbcf6>:0 
UnityEngine.StackTraceUtility:ExtractStackTrace ()
UnityEngine.DebugLogHandler:LogFormat (UnityEngine.LogType,UnityEngine.Object,string,object[])
UnityEngine.Logger:Log (UnityEngine.LogType,object)
UnityEngine.Debug:LogError (object)
UnityEditor.EditorAssemblies:ProcessInitializeOnLoadMethodAttributes ()

Mono: successfully reloaded assembly
- Completed reload, in  1.448 seconds
Domain Reload Profiling:
	ReloadAssembly (1449ms)
		BeginReloadAssembly (140ms)
			ExecutionOrderSort (0ms)
			DisableScriptedObjects (4ms)
			BackupInstance (0ms)
			ReleaseScriptingObjects (0ms)
			CreateAndSetChildDomain (18ms)
		EndReloadAssembly (1248ms)
			LoadAssemblies (437ms)
			RebuildTransferFunctionScriptingTraits (0ms)
			SetupTypeCache (279ms)
			ReleaseScriptCaches (0ms)
			RebuildScriptCaches (42ms)
			SetupLoadedEditorAssemblies (394ms)
				LogAssemblyErrors (0ms)
				InitializePlatformSupportModulesInManaged (4ms)
				SetLoadedEditorAssemblies (0ms)
				RefreshPlugins (1ms)
				BeforeProcessingInitializeOnLoad (69ms)
				ProcessInitializeOnLoadAttributes (248ms)
				ProcessInitializeOnLoadMethodAttributes (65ms)
				AfterProcessingInitializeOnLoad (6ms)
				EditorAssembliesLoaded (0ms)
			ExecutionOrderSort2 (0ms)
			AwakeInstancesAfterBackupRestoration (5ms)
Platform modules already initialized, skipping
========================================================================
Worker process is ready to serve import requests
Launched and connected shader compiler UnityShaderCompiler.exe after 0.05 seconds
Refreshing native plugins compatible for Editor in 0.57 ms, found 11 plugins.
Preloading 2 native plugins for Editor in 0.14 ms.
Unloading 1965 Unused Serialized files (Serialized files now loaded: 0)
System memory in use before: 82.4 MB.
System memory in use after: 82.5 MB.

Unloading 23 unused Assets to reduce memory usage. Loaded Objects now: 2395.
Total: 2.641100 ms (FindLiveObjects: 0.165100 ms CreateObjectMapping: 0.063000 ms MarkObjects: 2.339100 ms  DeleteObjects: 0.073000 ms)

AssetImportParameters requested are different than current active one (requested -> active):
  custom:framework-win-MediaFoundation: 216162199b28c13a410421893ffa2e32 -> 
  custom:video-decoder-ogg-theora: a1e56fd34408186e4bbccfd4996cb3dc -> 
  custom:container-muxer-webm: aa71ff27fc2769a1b78a27578f13a17b -> 
  custom:container-demuxer-webm: 4f35f7cbe854078d1ac9338744f61a02 -> 
  custom:container-demuxer-ogg: 62fdf1f143b41e24485cea50d1cbac27 -> 
  custom:video-encoder-webm-vp8: eb34c28f22e8b96e1ab97ce403110664 -> 
  custom:video-decoder-webm-vp8: 9c59270c3fd7afecdb556c50c9e8de78 -> 
  custom:audio-decoder-ogg-vorbis: bf7c407c2cedff20999df2af8eb42d56 -> 
  custom:audio-encoder-webm-vorbis: bf7c407c2cedff20999df2af8eb42d56 -> 
========================================================================
Received Import Request.
  path: Assets
  artifactKey: Guid(00000000000000001000000000000000) Importer(815301076,1909f56bfc062723c751e8b465ee728b)
Start importing Assets using Guid(00000000000000001000000000000000) Importer(815301076,1909f56bfc062723c751e8b465ee728b)  -> (artifact id: '42d402b061de3733987d63b9cc3b64de') in 0.074130 seconds 
  Import took 0.109089 seconds .

========================================================================
Received Import Request.
  Time since last request: 4.457653 seconds.
  path: Assets/Models
  artifactKey: Guid(7b2fd880a9552384a91b241de89400f8) Importer(815301076,1909f56bfc062723c751e8b465ee728b)
Start importing Assets/Models using Guid(7b2fd880a9552384a91b241de89400f8) Importer(815301076,1909f56bfc062723c751e8b465ee728b)  -> (artifact id: '10194be4a4c821c7531595793c468ddc') in 0.006088 seconds 
  Import took 0.008895 seconds .

========================================================================
Received Import Request.
  Time since last request: 8.420035 seconds.
  path: Assets/ExampleAssets/Models
  artifactKey: Guid(4a0dd92c4753243b18b4100cf4991b5b) Importer(815301076,1909f56bfc062723c751e8b465ee728b)
Start importing Assets/ExampleAssets/Models using Guid(4a0dd92c4753243b18b4100cf4991b5b) Importer(815301076,1909f56bfc062723c751e8b465ee728b)  -> (artifact id: 'abad27714f0aa3958aacc17a931cdfab') in 0.004103 seconds 
  Import took 0.038795 seconds .

========================================================================
Received Import Request.
  Time since last request: 0.073144 seconds.
  path: Assets/ExampleAssets/Models/XRControllerLeft.fbx
  artifactKey: Guid(e48d18018a0ba46c283d9fd9c227e578) Importer(815301076,1909f56bfc062723c751e8b465ee728b)
Start importing Assets/ExampleAssets/Models/XRControllerLeft.fbx using Guid(e48d18018a0ba46c283d9fd9c227e578) Importer(815301076,1909f56bfc062723c751e8b465ee728b)  -> (artifact id: 'cfb061f45b9f658739cc349c9f53cbf2') in 0.825977 seconds 
  Import took 0.855736 seconds .

========================================================================
Received Import Request.
  Time since last request: 0.000206 seconds.
  path: Assets/ExampleAssets/Models/XRControllerRight.fbx
  artifactKey: Guid(2d10b9b89f2474de9800b152c3d00004) Importer(815301076,1909f56bfc062723c751e8b465ee728b)
Start importing Assets/ExampleAssets/Models/XRControllerRight.fbx using Guid(2d10b9b89f2474de9800b152c3d00004) Importer(815301076,1909f56bfc062723c751e8b465ee728b)  -> (artifact id: 'dab6f0bd2c1b9a3f610fc686fc2ff185') in 0.070860 seconds 
  Import took 0.086279 seconds .

========================================================================
Received Import Request.
  Time since last request: 8.315242 seconds.
  path: Assets/Models/Hub.fbx
  artifactKey: Guid(b95b3646a8000b141bd0884b1d7b0a10) Importer(815301076,1909f56bfc062723c751e8b465ee728b)
Start importing Assets/Models/Hub.fbx using Guid(b95b3646a8000b141bd0884b1d7b0a10) Importer(815301076,1909f56bfc062723c751e8b465ee728b)  -> (artifact id: '33fb7d6abf185771f226b961277e73b5') in 0.021218 seconds 
  Import took 0.024545 seconds .

========================================================================
Received Import Request.
  Time since last request: 38.811507 seconds.
  path: Assets/Models/Hub.fbx
  artifactKey: Guid(b95b3646a8000b141bd0884b1d7b0a10) Importer(815301076,1909f56bfc062723c751e8b465ee728b)
Start importing Assets/Models/Hub.fbx using Guid(b95b3646a8000b141bd0884b1d7b0a10) Importer(815301076,1909f56bfc062723c751e8b465ee728b)  -> (artifact id: '7662375cbdf7f58716258d7f742d7099') in 0.015975 seconds 
  Import took 0.030851 seconds .

========================================================================
Received Import Request.
  Time since last request: 0.000173 seconds.
  path: Assets/Models/Sci-Fi Panel.mat
  artifactKey: Guid(60ee2cddeaa39414e963ce8f70e19e65) Importer(815301076,1909f56bfc062723c751e8b465ee728b)
Start importing Assets/Models/Sci-Fi Panel.mat using Guid(60ee2cddeaa39414e963ce8f70e19e65) Importer(815301076,1909f56bfc062723c751e8b465ee728b)  -> (artifact id: '60d968d48009e564fb7003997bf5e597') in 0.029558 seconds 
  Import took 0.046627 seconds .

========================================================================
Received Import Request.
  Time since last request: 78.328441 seconds.
  path: Assets/Models/sci-fi-panel1-albedo.png
  artifactKey: Guid(930a71d748ae7144da7b724b26f45a30) Importer(815301076,1909f56bfc062723c751e8b465ee728b)
Start importing Assets/Models/sci-fi-panel1-albedo.png using Guid(930a71d748ae7144da7b724b26f45a30) Importer(815301076,1909f56bfc062723c751e8b465ee728b)  -> (artifact id: '114d77a3ca2507df3bfbdf3daf0b6928') in 0.173696 seconds 
  Import took 0.183801 seconds .

========================================================================
Received Import Request.
  Time since last request: 0.000244 seconds.
  path: Assets/Models/sci-fi-panel1-height-colour.png
  artifactKey: Guid(d4b86227deaaf9647905c57f13c3029f) Importer(815301076,1909f56bfc062723c751e8b465ee728b)
Start importing Assets/Models/sci-fi-panel1-height-colour.png using Guid(d4b86227deaaf9647905c57f13c3029f) Importer(815301076,1909f56bfc062723c751e8b465ee728b)  -> (artifact id: '1650dbf8db5b29e5bbba8cc69b807691') in 0.011641 seconds 
  Import took 0.015491 seconds .

========================================================================
Received Import Request.
  Time since last request: 0.000194 seconds.
  path: Assets/Models/sci-fi-panel1-roughness.png
  artifactKey: Guid(8235223657d6a7a468f1d6410a6a6a99) Importer(815301076,1909f56bfc062723c751e8b465ee728b)
Start importing Assets/Models/sci-fi-panel1-roughness.png using Guid(8235223657d6a7a468f1d6410a6a6a99) Importer(815301076,1909f56bfc062723c751e8b465ee728b)  -> (artifact id: 'd4e0054c6d998563df4b3763199fb5f8') in 0.012308 seconds 
  Import took 0.015960 seconds .

========================================================================
Received Import Request.
  Time since last request: 0.000168 seconds.
  path: Assets/Models/sci-fi-panel1-metallic.png
  artifactKey: Guid(e9fb68fc240a5d9469fe2e8d5e023a9b) Importer(815301076,1909f56bfc062723c751e8b465ee728b)
Start importing Assets/Models/sci-fi-panel1-metallic.png using Guid(e9fb68fc240a5d9469fe2e8d5e023a9b) Importer(815301076,1909f56bfc062723c751e8b465ee728b)  -> (artifact id: '510e4d646f6866a2e8cd771c6b43e902') in 0.011555 seconds 
  Import took 0.024969 seconds .

========================================================================
Received Import Request.
  Time since last request: 0.000203 seconds.
  path: Assets/Models/sci-fi-panel1-normal-dx.png
  artifactKey: Guid(0c92b6e29e0555b4080d949b31f2cc8c) Importer(815301076,1909f56bfc062723c751e8b465ee728b)
Start importing Assets/Models/sci-fi-panel1-normal-dx.png using Guid(0c92b6e29e0555b4080d949b31f2cc8c) Importer(815301076,1909f56bfc062723c751e8b465ee728b)  -> (artifact id: 'dc3f6ad87649c7322e5d9150763f5e8a') in 0.011248 seconds 
  Import took 0.014157 seconds .

========================================================================
Received Import Request.
  Time since last request: 45.846247 seconds.
  path: Assets/Models/Sci-Fi Panel.mat
  artifactKey: Guid(60ee2cddeaa39414e963ce8f70e19e65) Importer(815301076,1909f56bfc062723c751e8b465ee728b)
Start importing Assets/Models/Sci-Fi Panel.mat using Guid(60ee2cddeaa39414e963ce8f70e19e65) Importer(815301076,1909f56bfc062723c751e8b465ee728b)  -> (artifact id: '69a86151f0c79695690faa570768b9c7') in 0.039892 seconds 
  Import took 0.063704 seconds .

========================================================================
Received Import Request.
  Time since last request: 2.341163 seconds.
  path: Assets/Models/sci-fi-panel1-normal-dx.png
  artifactKey: Guid(0c92b6e29e0555b4080d949b31f2cc8c) Importer(815301076,1909f56bfc062723c751e8b465ee728b)
Start importing Assets/Models/sci-fi-panel1-normal-dx.png using Guid(0c92b6e29e0555b4080d949b31f2cc8c) Importer(815301076,1909f56bfc062723c751e8b465ee728b)  -> (artifact id: '53ce65e1a5b636460b7dbdfcc0bba4e4') in 0.041395 seconds 
  Import took 0.050884 seconds .

AssetImportWorkerClient::OnTransportError - code=2 error=End of file
